{"name": "test_mark[6 * 9-3]", "status": "skipped", "statusDetails": {"message": "XFAIL\n\nAssertionError: assert 54 == 3\n +  where 54 = eval('6 * 9')", "trace": "test_input = '6 * 9', expected = 3\n\n    @pytest.mark.parametrize(\"test_input,expected\", [\n        (\"3+5\", 8),\n        (\"2+4\", 6),\n        pytest.param(\"6 * 9\", 3, marks=pytest.mark.xfail),\n        pytest.param(\"6*6\", 42, marks=pytest.mark.skip)\n    ])\n    def test_mark(test_input, expected):\n>       assert eval(test_input) == expected\nE       AssertionError: assert 54 == 3\nE        +  where 54 = eval('6 * 9')\n\nscr\\test_demo_6.py:18: AssertionError"}, "parameters": [{"name": "test_input", "value": "'6 * 9'"}, {"name": "expected", "value": "3"}], "start": 1765424060072, "stop": 1765424060073, "uuid": "04a5f951-d7c6-4d1c-a55d-e580dfaf564b", "historyId": "92447a5bc8c9adfad43d04cacf0b31e9", "testCaseId": "1d255ad0ad29ce65da3a5c0b2bd992df", "fullName": "scr.test_demo_6#test_mark", "labels": [{"name": "parentSuite", "value": "scr"}, {"name": "suite", "value": "test_demo_6"}, {"name": "host", "value": "YiDAIMI"}, {"name": "thread", "value": "28748-MainThread"}, {"name": "framework", "value": "pytest"}, {"name": "language", "value": "cpython3"}, {"name": "package", "value": "scr.test_demo_6"}], "titlePath": ["scr", "test_demo_6.py"]}