{"name": "test_add[100-6-160]", "status": "failed", "statusDetails": {"message": "AssertionError: assert (100 + 6) == 160", "trace": "a = 100, b = 6, sum = 160\n\n    @pytest.mark.parametrize(\"a,b,sum\",[    #这是定义在测试函数上的，@fixture是定义在普通函数上(不是定义在测试函数上)\n        (1,2,3),\n        (4,5,9),\n        (100,6,160),\n    ])\n    def test_add(a,b,sum):\n>       assert a + b == sum\nE       assert (100 + 6) == 160\n\nscr\\test_allure.py:10: AssertionError"}, "parameters": [{"name": "a", "value": "100"}, {"name": "b", "value": "6"}, {"name": "sum", "value": "160"}], "start": 1765424327094, "stop": 1765424327094, "uuid": "0dbe4ce4-2947-4898-a9b0-c415cba95df6", "historyId": "92992437ea75aeeb4fd63b071d486f19", "testCaseId": "e0f5f556803def0f729309fc42e6096e", "fullName": "scr.test_allure#test_add", "labels": [{"name": "parentSuite", "value": "scr"}, {"name": "suite", "value": "test_allure"}, {"name": "host", "value": "YiDAIMI"}, {"name": "thread", "value": "9604-MainThread"}, {"name": "framework", "value": "pytest"}, {"name": "language", "value": "cpython3"}, {"name": "package", "value": "scr.test_allure"}], "titlePath": ["scr", "test_allure.py"]}