{"name": "test_abc", "status": "failed", "statusDetails": {"message": "AssertionError: assert (1 + 1) == 4", "trace": "def test_abc():\n>       assert 1 + 1 == 4\nE       assert (1 + 1) == 4\n\nscr\\test_demo_1.py:2: AssertionError"}, "start": 1765366119813, "stop": 1765366119813, "uuid": "3a55d0f2-b6b8-4d64-aefc-d4ac31d26d58", "historyId": "0505e9183b0032ba8824413a2885520b", "testCaseId": "0505e9183b0032ba8824413a2885520b", "fullName": "scr.test_demo_1#test_abc", "labels": [{"name": "parentSuite", "value": "scr"}, {"name": "suite", "value": "test_demo_1"}, {"name": "host", "value": "YiDAIMI"}, {"name": "thread", "value": "3904-MainThread"}, {"name": "framework", "value": "pytest"}, {"name": "language", "value": "cpython3"}, {"name": "package", "value": "scr.test_demo_1"}], "titlePath": ["scr", "test_demo_1.py"]}