{"name": "test_abc", "status": "failed", "statusDetails": {"message": "AssertionError: assert (1 + 1) == 10086", "trace": "def test_abc():\n>       assert 1 + 1 == 10086\nE       assert (1 + 1) == 10086\n\nscr\\test_demo_1.py:2: AssertionError"}, "start": 1765424327159, "stop": 1765424327159, "uuid": "fc5a6aa5-064b-4a97-bed0-9c4835d1af62", "historyId": "0505e9183b0032ba8824413a2885520b", "testCaseId": "0505e9183b0032ba8824413a2885520b", "fullName": "scr.test_demo_1#test_abc", "labels": [{"name": "parentSuite", "value": "scr"}, {"name": "suite", "value": "test_demo_1"}, {"name": "host", "value": "YiDAIMI"}, {"name": "thread", "value": "9604-MainThread"}, {"name": "framework", "value": "pytest"}, {"name": "language", "value": "cpython3"}, {"name": "package", "value": "scr.test_demo_1"}], "titlePath": ["scr", "test_demo_1.py"]}