{"name": "test_get", "status": "failed", "statusDetails": {"message": "AssertionError: assert 503 == 200\n +  where 503 = <Response [503]>.status_code", "trace": "def test_get():\n        r = requests.request(\n            method=\"get\",\n            url=\"https://httpbin.org/get\",\n            data=params\n        )\n        print(r.text)\n        print(r.status_code)\n        print(r.url)\n    \n        # token_1 = jsonpath.jsonpath(r.json(), \"$.token\")[0]\n        # print(token_1)\n    \n>       assert r.status_code == 200\nE       assert 503 == 200\nE        +  where 503 = <Response [503]>.status_code\n\nscr\\test_requests.py:40: AssertionError"}, "start": 1765424327214, "stop": 1765424328296, "uuid": "eaeec4ba-1034-4959-83b7-4b1a6e4afc40", "historyId": "0eb784416ff64a991d32b2ecac204bf2", "testCaseId": "0eb784416ff64a991d32b2ecac204bf2", "fullName": "scr.test_requests#test_get", "labels": [{"name": "parentSuite", "value": "scr"}, {"name": "suite", "value": "test_requests"}, {"name": "host", "value": "YiDAIMI"}, {"name": "thread", "value": "9604-MainThread"}, {"name": "framework", "value": "pytest"}, {"name": "language", "value": "cpython3"}, {"name": "package", "value": "scr.test_requests"}], "titlePath": ["scr", "test_requests.py"]}