{"name": "test_abc", "status": "failed", "statusDetails": {"message": "AssertionError: assert (1 + 1) == 6", "trace": "def test_abc():\n>       assert 1 + 1 == 6\nE       assert (1 + 1) == 6\n\nscr\\test_demo_1.py:2: AssertionError"}, "start": 1765367382219, "stop": 1765367382219, "uuid": "b46b13b5-a0c6-4904-b3b0-c1a31f6ff2d6", "historyId": "0505e9183b0032ba8824413a2885520b", "testCaseId": "0505e9183b0032ba8824413a2885520b", "fullName": "scr.test_demo_1#test_abc", "labels": [{"name": "parentSuite", "value": "scr"}, {"name": "suite", "value": "test_demo_1"}, {"name": "host", "value": "YiDAIMI"}, {"name": "thread", "value": "6720-MainThread"}, {"name": "framework", "value": "pytest"}, {"name": "language", "value": "cpython3"}, {"name": "package", "value": "scr.test_demo_1"}], "titlePath": ["scr", "test_demo_1.py"]}