{"name": "test_abc", "status": "failed", "statusDetails": {"message": "AssertionError: assert (1 + 1) == 3", "trace": "def test_abc():\n>       assert 1 + 1 == 3\nE       assert (1 + 1) == 3\n\nscr\\test_demo_1.py:2: AssertionError"}, "start": 1765365968933, "stop": 1765365968933, "uuid": "b80c43ea-f329-40d3-bb2e-bb1b317d6913", "historyId": "0505e9183b0032ba8824413a2885520b", "testCaseId": "0505e9183b0032ba8824413a2885520b", "fullName": "scr.test_demo_1#test_abc", "labels": [{"name": "parentSuite", "value": "scr"}, {"name": "suite", "value": "test_demo_1"}, {"name": "host", "value": "YiDAIMI"}, {"name": "thread", "value": "17312-MainThread"}, {"name": "framework", "value": "pytest"}, {"name": "language", "value": "cpython3"}, {"name": "package", "value": "scr.test_demo_1"}], "titlePath": ["scr", "test_demo_1.py"]}