{"name": "test_abc", "status": "failed", "statusDetails": {"message": "AssertionError: assert (1 + 1) == 6666", "trace": "def test_abc():\n>       assert 1 + 1 == 6666\nE       assert (1 + 1) == 6666\n\nscr\\test_demo_1.py:2: AssertionError"}, "start": 1765424541752, "stop": 1765424541752, "uuid": "db0b3819-3309-4424-891a-1496f8d08d1c", "historyId": "0505e9183b0032ba8824413a2885520b", "testCaseId": "0505e9183b0032ba8824413a2885520b", "fullName": "scr.test_demo_1#test_abc", "labels": [{"name": "parentSuite", "value": "scr"}, {"name": "suite", "value": "test_demo_1"}, {"name": "host", "value": "YiDAIMI"}, {"name": "thread", "value": "28120-MainThread"}, {"name": "framework", "value": "pytest"}, {"name": "language", "value": "cpython3"}, {"name": "package", "value": "scr.test_demo_1"}], "titlePath": ["scr", "test_demo_1.py"]}